[2017-03-10 02:37:14] my_logger.ERROR: Undefined index: userId [] []
[2017-03-10 02:37:14] my_logger.ERROR: Undefined variable: data [] []
[2017-03-10 02:37:22] my_logger.ERROR: Undefined variable: data [] []
[2017-03-10 02:38:12] my_logger.ERROR: Undefined variable: data [] []
[2017-03-10 02:41:17] my_logger.ERROR: Undefined variable: data [] []
[2017-03-10 02:41:24] my_logger.ERROR: Undefined variable: data [] []
[2017-03-10 02:42:34] my_logger.ERROR: Undefined variable: data [] []
[2017-03-10 02:42:42] my_logger.ERROR: Undefined variable: data [] []
[2017-03-10 02:52:35] my_logger.ERROR: Undefined variable: data [] []
[2017-03-10 02:53:01] my_logger.ERROR: Undefined variable: data [] []
[2017-03-10 02:57:31] my_logger.ERROR: Undefined variable: data [] []
[2017-03-10 02:57:38] my_logger.ERROR: Undefined variable: data [] []
[2017-03-10 03:11:50] my_logger.ERROR: Undefined variable: data [] []
[2017-03-10 03:11:50] my_logger.ERROR: Undefined variable: data [] []
[2017-03-10 03:21:46] my_logger.ERROR: Undefined variable: data [] []
[2017-03-10 03:26:56] my_logger.ERROR: Undefined variable: data [] []
[2017-03-10 03:26:57] my_logger.ERROR: Undefined variable: data [] []
[2017-03-10 03:52:52] my_logger.ERROR: Undefined variable: data [] []
[2017-03-10 03:53:15] my_logger.ERROR: Undefined variable: data [] []
[2017-03-10 03:53:17] my_logger.ERROR: Undefined variable: data [] []
[2017-03-10 06:47:51] my_logger.ERROR: Undefined index: userId [] []
[2017-03-10 06:47:51] my_logger.ERROR: Undefined variable: data [] []
[2017-03-10 06:47:55] my_logger.ERROR: Undefined variable: data [] []
[2017-03-10 06:47:58] my_logger.ERROR: Undefined variable: data [] []
[2017-03-10 06:48:00] my_logger.ERROR: Undefined variable: data [] []
[2017-03-10 06:48:32] my_logger.ERROR: Undefined variable: data [] []
[2017-03-10 06:48:33] my_logger.ERROR: Undefined variable: data [] []
[2017-03-10 07:11:36] my_logger.ERROR: Undefined variable: data [] []
[2017-03-10 07:11:41] my_logger.ERROR: Undefined variable: data [] []
[2017-03-10 07:11:44] my_logger.ERROR: Undefined variable: data [] []
[2017-03-10 07:12:58] my_logger.ERROR: Undefined variable: data [] []
[2017-03-10 07:13:02] my_logger.ERROR: Undefined variable: data [] []
[2017-03-10 08:02:32] my_logger.ERROR: Undefined variable: data [] []
[2017-03-10 08:02:41] my_logger.ERROR: Undefined variable: data [] []
[2017-03-10 09:48:20] my_logger.ERROR: Undefined index: userId [] []
[2017-03-10 09:48:20] my_logger.ERROR: Undefined variable: data [] []
[2017-03-11 00:55:31] my_logger.ERROR: Undefined index: userId [] []
[2017-03-11 00:55:31] my_logger.ERROR: Undefined variable: data [] []
[2017-03-11 01:14:35] my_logger.ERROR: Param VALUES for INSERT query must be array [] []
[2017-03-11 01:15:01] my_logger.ERROR: Param VALUES for INSERT query must be array [] []
[2017-03-11 01:15:38] my_logger.ERROR: Param VALUES for INSERT query must be array [] []
[2017-03-11 01:16:14] my_logger.ERROR: Param VALUES for INSERT query must be array [] []
[2017-03-11 04:38:44] my_logger.ERROR: SQLSTATE[HY000] [2002] No such file or directory [] []
[2017-03-11 04:38:44] my_logger.ERROR: SQLSTATE[HY000] [2002] No such file or directory [] []
[2017-03-11 06:26:02] my_logger.ERROR: Undefined index: userId [] []
[2017-03-11 06:26:02] my_logger.ERROR: Undefined variable: data [] []
[2017-03-11 06:26:11] my_logger.ERROR: Undefined variable: data [] []
[2017-03-11 06:27:27] my_logger.ERROR: Undefined variable: data [] []
[2017-03-11 07:42:03] my_logger.ERROR: Undefined variable: data [] []
[2017-03-11 08:06:15] my_logger.ERROR: Undefined variable: data [] []
[2017-03-11 08:06:20] my_logger.ERROR: Undefined variable: data [] []
[2017-03-11 08:14:58] my_logger.ERROR: Undefined variable: data [] []
[2017-03-11 08:46:39] my_logger.ERROR: Undefined variable: data [] []
[2017-03-11 08:47:09] my_logger.ERROR: Undefined variable: data [] []
[2017-03-11 08:47:13] my_logger.ERROR: Undefined variable: data [] []
[2017-03-11 08:47:16] my_logger.ERROR: Undefined variable: data [] []
[2017-03-11 08:47:18] my_logger.ERROR: Undefined variable: data [] []
[2017-03-11 08:47:21] my_logger.ERROR: Undefined variable: data [] []
[2017-03-11 08:48:04] my_logger.ERROR: Undefined variable: data [] []
[2017-03-11 09:22:27] my_logger.ERROR: Undefined variable: data [] []
[2017-03-11 09:22:30] my_logger.ERROR: Undefined variable: data [] []
[2017-03-11 09:38:14] my_logger.ERROR: Undefined variable: data [] []
[2017-03-11 13:54:08] my_logger.ERROR: Undefined variable: data [] []
[2017-03-11 14:12:50] my_logger.ERROR: Undefined variable: data [] []
[2017-03-11 14:34:00] my_logger.ERROR: Undefined variable: data [] []
[2017-03-11 14:34:44] my_logger.ERROR: Undefined variable: data [] []
[2017-03-11 23:43:05] my_logger.ERROR: proc_open(): fork failed - Cannot allocate memory [] []
[2017-03-11 23:44:58] my_logger.ERROR: proc_open(): fork failed - Cannot allocate memory [] []
[2017-03-11 23:48:50] my_logger.ERROR: proc_open(): fork failed - Cannot allocate memory [] []
[2017-03-11 23:50:19] my_logger.ERROR: proc_open(): fork failed - Cannot allocate memory [] []
[2017-03-11 23:51:57] my_logger.ERROR: proc_open(): fork failed - Cannot allocate memory [] []
[2017-03-11 23:52:10] my_logger.ERROR: proc_open(): fork failed - Cannot allocate memory [] []
[2017-03-11 23:52:42] my_logger.ERROR: proc_open(): fork failed - Cannot allocate memory [] []
[2017-03-11 23:53:23] my_logger.ERROR: proc_open(): fork failed - Cannot allocate memory [] []
[2017-03-11 23:53:48] my_logger.ERROR: proc_open(): fork failed - Cannot allocate memory [] []
[2017-03-12 00:01:59] my_logger.ERROR: proc_open(): fork failed - Cannot allocate memory [] []
[2017-03-12 00:03:00] my_logger.ERROR: proc_open(): fork failed - Cannot allocate memory [] []
[2017-03-12 00:03:39] my_logger.ERROR: proc_open(): fork failed - Cannot allocate memory [] []
[2017-03-12 00:04:20] my_logger.ERROR: proc_open(): fork failed - Cannot allocate memory [] []
[2017-03-12 00:05:16] my_logger.ERROR: proc_open(): fork failed - Cannot allocate memory [] []
[2017-03-12 00:06:43] my_logger.ERROR: proc_open(): fork failed - Cannot allocate memory [] []
[2017-03-12 00:11:41] my_logger.ERROR: proc_open(): fork failed - Cannot allocate memory [] []
[2017-03-12 00:12:37] my_logger.ERROR: proc_open(): fork failed - Cannot allocate memory [] []
[2017-03-12 00:13:48] my_logger.ERROR: proc_open(): fork failed - Cannot allocate memory [] []
[2017-03-12 00:14:50] my_logger.ERROR: proc_open(): fork failed - Cannot allocate memory [] []
[2017-03-12 00:24:28] my_logger.ERROR: Unable to set format [] []
[2017-03-12 00:24:42] my_logger.ERROR: Unable to set format [] []
[2017-03-12 00:25:28] my_logger.ERROR: Unable to set format [] []
[2017-03-12 00:29:30] my_logger.ERROR: Unable to set format [] []
[2017-03-12 00:48:31] my_logger.ERROR: proc_open(): fork failed - Cannot allocate memory [] []
[2017-03-12 02:43:11] my_logger.ERROR: proc_open(): fork failed - Cannot allocate memory [] []
[2017-03-12 02:43:28] my_logger.ERROR: proc_open(): fork failed - Cannot allocate memory [] []
[2017-03-13 00:05:39] my_logger.ERROR: Undefined index: userId [] []
[2017-03-13 00:05:39] my_logger.ERROR: Undefined index: userId [] []
[2017-03-13 00:05:45] my_logger.ERROR: Undefined index: userId [] []
[2017-03-13 00:05:45] my_logger.ERROR: Undefined index: userId [] []
[2017-03-13 00:05:46] my_logger.ERROR: Undefined index: userId [] []
[2017-03-13 00:05:46] my_logger.ERROR: Undefined index: userId [] []
[2017-03-13 01:21:06] my_logger.ERROR: unlink(video/gif/e61a3b88e79508aee3405d60e4e4aca3_0.jpg): No such file or directory [] []
[2017-03-14 02:57:29] my_logger.ERROR: Undefined index: userId [] []
[2017-03-14 02:57:29] my_logger.ERROR: Undefined index: userId [] []
[2017-03-14 03:03:23] my_logger.ERROR: Undefined index: userId [] []
[2017-03-14 03:03:23] my_logger.ERROR: Undefined index: userId [] []
[2017-03-14 03:04:55] my_logger.ERROR: Undefined index: userId [] []
[2017-03-14 03:05:21] my_logger.ERROR: Undefined index: userId [] []
[2017-03-14 03:05:21] my_logger.ERROR: Undefined index: userId [] []
[2017-03-14 03:05:35] my_logger.ERROR: Undefined index: userId [] []
[2017-03-14 03:05:40] my_logger.ERROR: Undefined index: userId [] []
[2017-03-14 03:06:52] my_logger.ERROR: Undefined index: userId [] []
[2017-03-14 03:06:52] my_logger.ERROR: Undefined index: userId [] []
[2017-03-14 03:06:54] my_logger.ERROR: Undefined index: userId [] []
[2017-03-14 03:06:54] my_logger.ERROR: Undefined index: userId [] []
[2017-03-14 03:07:25] my_logger.ERROR: Undefined index: userId [] []
[2017-03-14 03:07:25] my_logger.ERROR: Undefined index: userId [] []
[2017-03-14 03:07:27] my_logger.ERROR: Undefined index: userId [] []
[2017-03-14 03:07:27] my_logger.ERROR: Undefined index: userId [] []
[2017-03-14 03:07:40] my_logger.ERROR: Undefined index: userId [] []
[2017-03-14 03:07:40] my_logger.ERROR: Undefined index: userId [] []
[2017-03-14 03:07:54] my_logger.ERROR: Undefined index: userId [] []
[2017-03-14 03:07:55] my_logger.ERROR: Undefined index: userId [] []
[2017-03-14 03:08:07] my_logger.ERROR: Undefined index: userId [] []
[2017-03-14 03:08:07] my_logger.ERROR: Undefined index: userId [] []
[2017-03-14 03:08:41] my_logger.ERROR: Undefined index: userId [] []
[2017-05-26 01:40:37] my_logger.ERROR: Array to string conversion [] []
[2017-05-26 01:40:44] my_logger.ERROR: Array to string conversion [] []
[2017-05-26 01:41:11] my_logger.ERROR: Array to string conversion [] []
[2017-05-26 01:43:35] my_logger.ERROR: Array to string conversion [] []
[2017-05-26 01:44:30] my_logger.ERROR: Array to string conversion [] []
[2017-05-26 01:44:50] my_logger.ERROR: Array to string conversion [] []
[2017-05-26 01:46:13] my_logger.ERROR: Array to string conversion [] []
[2017-05-26 01:46:31] my_logger.ERROR: Array to string conversion [] []
[2017-05-26 01:47:59] my_logger.ERROR: Array to string conversion [] []
[2017-05-27 23:08:48] my_logger.ERROR: unlink(video/cover/): Is a directory [] []
